<?xml version="1.0" encoding="UTF-8"?>
<!-- Generated by org.testng.reporters.JUnitReportReporter -->
<testsuite skipped="0" hostname="DESKTOP-MRGJIDD" name="ServiceNow.Gurukula.LoginTests" tests="1" failures="0" timestamp="08 May 2019 18:34:16 GMT" time="3.547" errors="0">
  <testcase name="loginAdmin" time="3.547" classname="ServiceNow.Gurukula.LoginTests"/>
</testsuite> <!-- ServiceNow.Gurukula.LoginTests -->
