<?xml version="1.0" encoding="UTF-8"?>
<!-- Generated by org.testng.reporters.JUnitReportReporter -->
<testsuite skipped="0" hostname="DESKTOP-MRGJIDD" name="ServiceNow.Gurukula.LoginTests" tests="3" failures="0" timestamp="10 May 2019 17:34:59 GMT" time="2.161" errors="0">
  <testcase name="loginAdminInvalid" time="1.171" classname="ServiceNow.Gurukula.LoginTests"/>
  <testcase name="loginAdmin" time="0.418" classname="ServiceNow.Gurukula.LoginTests"/>
  <testcase name="logout" time="0.572" classname="ServiceNow.Gurukula.LoginTests"/>
</testsuite> <!-- ServiceNow.Gurukula.LoginTests -->
