<?xml version="1.0" encoding="UTF-8"?>
<!-- Generated by org.testng.reporters.JUnitReportReporter -->
<testsuite skipped="0" hostname="DESKTOP-MRGJIDD" name="ServiceNow.Gurukula.LoginTests" tests="2" failures="0" timestamp="10 May 2019 08:39:49 GMT" time="4.711" errors="0">
  <testcase name="loginAdminInvalid" time="0.758" classname="ServiceNow.Gurukula.LoginTests"/>
  <testcase name="loginAdmin" time="3.953" classname="ServiceNow.Gurukula.LoginTests"/>
</testsuite> <!-- ServiceNow.Gurukula.LoginTests -->
